<?xml version="1.0" encoding="UTF-8"?>
<!-- Generated by org.testng.reporters.JUnitXMLReporter -->
<testsuite ignored="0" hostname="SINDHUJAs-MBP" failures="0" tests="5" name="Default test" time="4.656" errors="0" timestamp="2020-01-12T14:48:47 CST">
  <testcase classname="DataDrivenTesting.TC01_DataDrivenTest_AddNewEmployees" name="postNewEmployees" time="1.697"/>
  <testcase classname="DataDrivenTesting.TC01_DataDrivenTest_AddNewEmployees" name="postNewEmployees" time="0.544"/>
  <testcase classname="DataDrivenTesting.TC01_DataDrivenTest_AddNewEmployees" name="postNewEmployees" time="0.506"/>
  <testcase classname="DataDrivenTesting.TC01_DataDrivenTest_AddNewEmployees" name="postNewEmployees" time="0.509"/>
  <testcase classname="DataDrivenTesting.TC01_DataDrivenTest_AddNewEmployees" name="postNewEmployees" time="0.51"/>
</testsuite> <!-- Default test -->
